[WEEKLY REPORT] Starting analytics...

[TRACKING] Parsing engagement history...
  Replied: 1
  Skipped: 2

[SAVED] /home/openclaw/.openclaw/workspace/daily-packs/weekly-2026-03-02.md

[REPORT]

📊 **Еженедельный отчёт @mttrly_** — неделя 01.03.2026

**Активность:**
- 💬 Реплаев в дайджеста: 1
- ⏭️  Пропущено: 2
- 🎯 Всего кандидатов: 3

**Источники (за неделю):**
- 🔥 Pain points
- 👥 Audience signals
- 🏢 Competitor mentions
- 👀 Watchlist monitoring

**Budget:**
- bird CLI: $0
- x-smart-read: ~$0.14 (2 calls)
- **Total: ~$1/month**

**Next:**
- Monitor cookie expiry (refresh if 401 errors)
- Review best replies from last week
- Check @mttrly_ mentions


[X-SMART-READ] Attempting analytics call...
[X-SMART-READ] Not configured yet (will enable when API key added)

[OK] Weekly report complete
[WEEKLY REPORT] Starting analytics...

[TRACKING] Parsing engagement history...
  Replied: 1
  Skipped: 2

[SAVED] /home/openclaw/.openclaw/workspace/daily-packs/weekly-2026-03-02.md

[REPORT]

📊 **Еженедельный отчёт @mttrly_** — неделя 01.03.2026

**Активность:**
- 💬 Реплаев в дайджеста: 1
- ⏭️  Пропущено: 2
- 🎯 Всего кандидатов: 3

**Источники (за неделю):**
- 🔥 Pain points
- 👥 Audience signals
- 🏢 Competitor mentions
- 👀 Watchlist monitoring

**Budget:**
- bird CLI: $0
- x-smart-read: ~$0.14 (2 calls)
- **Total: ~$1/month**

**Next:**
- Monitor cookie expiry (refresh if 401 errors)
- Review best replies from last week
- Check @mttrly_ mentions


[X-SMART-READ] Attempting analytics call...
[X-SMART-READ] Not configured yet (will enable when API key added)

[OK] Weekly report complete
